<?xml version="1.0" encoding="UTF-8"?>
<!-- Generated by org.testng.reporters.JUnitReportReporter -->
<testsuite hostname="joe" failures="0" tests="1" name="scripts.TC2" time="6.485" errors="0" timestamp="2024-07-08T07:49:12 IST" skipped="0">
  <testcase classname="scripts.TC2" name="test2" time="6.485"/>
  <system-out/>
</testsuite> <!-- scripts.TC2 -->
