<?xml version="1.0" encoding="UTF-8"?>
<!-- Generated by org.testng.reporters.JUnitReportReporter -->
<testsuite hostname="joe" failures="0" tests="1" name="scripts.TC1" time="5.322" errors="0" timestamp="2024-07-06T14:48:10 IST" skipped="0">
  <testcase classname="scripts.TC1" name="test1" time="5.322"/>
</testsuite> <!-- scripts.TC1 -->
